Set parameter WLSAccessID
Set parameter WLSSecret
Set parameter LicenseID to value 2573015
Academic license 2573015 - for non-commercial use only - registered to au___@unifr.ch
Set parameter TimeLimit to value 86400
Set parameter Threads to value 16
Gurobi Optimizer version 11.0.3 build v11.0.3rc0 (linux64 - "Ubuntu 22.04.1 LTS")

CPU model: Intel(R) Xeon(R) Gold 6142 CPU @ 2.60GHz, instruction set [SSE2|AVX|AVX2|AVX512]
Thread count: 32 physical cores, 64 logical processors, using up to 16 threads

Academic license 2573015 - for non-commercial use only - registered to au___@unifr.ch
Optimize a model with 1577600 rows, 781201 columns and 4713500 nonzeros
Model fingerprint: 0xa3e10737
Variable types: 2001 continuous, 779200 integer (779200 binary)
Coefficient statistics:
  Matrix range     [1e+00, 1e+05]
  Objective range  [1e+00, 1e+00]
  Bounds range     [1e+00, 1e+00]
  RHS range        [1e+00, 1e+05]
Presolve removed 100 rows and 0 columns (presolve time = 5s) ...
Presolve removed 100 rows and 0 columns (presolve time = 10s) ...
Presolve removed 100 rows and 0 columns
Presolve time: 13.70s
Presolved: 1577500 rows, 781201 columns, 4713400 nonzeros
Variable types: 2001 continuous, 779200 integer (779200 binary)

Deterministic concurrent LP optimizer: primal simplex, dual simplex, and barrier
Showing barrier log only...

Root barrier log...

Ordering time: 0.97s

Barrier statistics:
 Dense cols : 2000
 AA' NZ     : 1.601e+06
 Factor NZ  : 4.411e+06 (roughly 1.0 GB of memory)
 Factor Ops : 2.678e+09 (less than 1 second per iteration)
 Threads    : 13

                  Objective                Residual
Iter       Primal          Dual         Primal    Dual     Compl     Time
   0   3.42968593e+03 -7.05720076e+07  6.38e+02 0.00e+00  5.80e+01    37s
   1   6.82155334e+03 -5.00888949e+07  5.29e+00 2.82e-02  1.62e+01    38s
   2   6.25110025e+03 -4.96157096e+04  1.14e-13 3.76e-15  1.78e-02    38s
   3   1.88278242e+03  3.57363620e+02  1.14e-13 8.40e-13  4.86e-04    39s
   4   1.58066007e+03  6.61991344e+02  1.14e-13 2.18e-13  2.93e-04    40s
   5   1.40678162e+03  9.54956731e+02  1.14e-13 8.45e-13  1.44e-04    41s
   6   1.38297180e+03  1.22922676e+03  1.14e-13 5.46e-11  4.90e-05    41s
   7   1.34176488e+03  1.32831603e+03  1.14e-13 7.29e-12  4.29e-06    42s
   8   1.34110961e+03  1.34092232e+03  1.14e-13 3.47e-11  5.97e-08    43s
   9   1.34100011e+03  1.34099992e+03  1.14e-13 3.29e-11  5.97e-11    43s
  10   1.34100000e+03  1.34100000e+03  1.14e-13 1.95e-11  3.36e-16    44s

Barrier solved model in 10 iterations and 44.07 seconds (23.38 work units)
Optimal objective 1.34100000e+03


Root crossover log...

      20 DPushes remaining with DInf 0.0000000e+00                46s

  781180 PPushes remaining with PInf 0.0000000e+00                46s
Concurrent spin time: 3.30s (can be avoided by choosing Method=3)

Solved with dual simplex

Root relaxation: objective 1.341000e+03, 425323 iterations, 24.11 seconds (7.73 work units)

    Nodes    |    Current Node    |     Objective Bounds      |     Work
 Expl Unexpl |  Obj  Depth IntInf | Incumbent    BestBd   Gap | It/Node Time

     0     0 1341.00000    0 70285          - 1341.00000      -     -  103s
     0     0 2088.76440    0 83083          - 2088.76440      -     -  579s
     0     0 2720.25897    0 73615          - 2720.25897      -     -  686s
     0     0 2720.25897    0 71409          - 2720.25897      -     -  743s
     0     0 2776.90872    0 67915          - 2776.90872      -     -  926s
     0     0 2776.90872    0 68722          - 2776.90872      -     - 1228s
     0     0 2776.99230    0 69620          - 2776.99230      -     - 1385s
     0     0 2776.99230    0 70129          - 2776.99230      -     - 1454s
     0     0 2776.99230    0 71050          - 2776.99230      -     - 1564s
     0     0 2777.00269    0 70983          - 2777.00269      -     - 1883s
     0     0 2777.00269    0 67818          - 2777.00269      -     - 2078s
     0     0 2777.01028    0 67869          - 2777.01028      -     - 2474s
     0     0 2777.01028    0 68823          - 2777.01028      -     - 2611s
     0     0 2777.01028    0 68693          - 2777.01028      -     - 2636s
     0     0 2777.01028    0 68585          - 2777.01028      -     - 2736s
     0     0 2777.01028    0 68585          - 2777.01028      -     - 2854s
     0     2 2777.01028    0 68585          - 2777.01028      -     - 3704s
     1     4 2777.01028    1 68584          - 2777.01028      -  7348 4039s
     3     8 2785.64069    2 72771          - 2777.01028      - 52964 4436s
     7    16 2786.40378    3 78237          - 2777.01028      - 50074 4839s
    15    32 2786.66838    4 80155          - 2777.06889      - 58133 5271s
    31    48 2786.66838    5 80161          - 2777.06889      - 66737 5853s
    47    64 2786.84228    6 79493          - 2777.06889      - 54956 6196s
    63    80 2787.23362    7 79403          - 2778.01469      - 49868 6521s
    79    96 2787.36146    7 78541          - 2778.05290      - 42347 6676s
    95   121 2787.57472    8 77225          - 2778.05290      - 38624 6974s
   120   143 2789.64599    8 77247          - 2778.05290      - 33715 7361s
   142   167 2788.04225    9 76828          - 2778.05290      - 31724 7571s
   166   195 2791.40630   10 76464          - 2778.05290      - 29525 8136s
   194   211 2790.59318   11 76152          - 2778.05290      - 27935 9179s
   210   233 2797.13625   11 76071          - 2778.05290      - 27385 9555s
   232   261 2791.61185   12 75943          - 2778.05290      - 26733 9880s
   260   297 2792.37284   13 76026          - 2778.05290      - 25916 10155s
   296   324 2796.19910   14 79252          - 2778.05290      - 24829 10550s
   323   353 2796.51833   15 79247          - 2778.05290      - 24227 10992s
   352   381 2804.26812   16 71171          - 2778.05290      - 23841 11678s
   380   423 2800.47551   17 71457          - 2778.05290      - 23579 12040s
   422   476 2799.60432   18 72801          - 2778.05290      - 22585 12467s
   475   534 2801.31125   23 67377          - 2778.05290      - 21378 12862s
   533   589 2804.40691   29 70026          - 2778.05290      - 20141 13331s
   590   632 2804.40691   31 67508          - 2778.05290      - 19073 13902s
   638   699 2814.18322   37 66929          - 2778.05290      - 18708 15954s
   707   745 2816.51830   42 70779          - 2778.05290      - 18016 16360s
   758   810 2836.84383   48 64002          - 2778.05290      - 17782 16981s
   833   896 2859.88568   58 61543          - 2778.05290      - 17056 17403s
   924  1006 2874.87402   67 60502          - 2778.05290      - 16218 17799s
   936  1006 2845.69364   34 70107          - 2778.05290      - 16061 17800s
  1041  1124 2868.56763   79 59750          - 2778.05290      - 14908 18282s
  1168  1254 2874.04228   92 58801          - 2778.05290      - 13820 18731s
  1301  1371 2882.05709  106 57890          - 2778.05290      - 12801 19206s
  1427  1506 2911.38489  120 55830          - 2778.05290      - 12104 20505s
  1583  1606 2973.07846  133 61686          - 2778.05290      - 11409 20993s
  1718  1734 2974.58153  135 59170          - 2778.05290      - 10881 21472s
  1864  1831 2974.58153  139 53312          - 2778.05290      - 10425 22414s
  1992  1953 infeasible  150               - 2778.05290      - 10124 22947s
  2137  2053 3005.89669  162 52012          - 2778.05290      -  9772 23296s
  2293  2199 3028.46932  173 50096          - 2778.05290      -  9365 23638s
  2462  2293 3056.50083  186 48811          - 2778.05290      -  8930 24231s
  2595  2389 3079.34443  198 47096          - 2778.05290      -  8733 24897s
  2736  2495 3083.08914  207 46668          - 2778.05290      -  8483 25367s
  2891  2618 3091.01936  219 46260          - 2778.05290      -  8209 25829s
  3049  2757 3094.14779  229 46264          - 2778.05290      -  7955 26260s
  3232  2864 3145.96593  242 43956          - 2778.05290      -  7670 26682s
  3401  2910 3149.31101  255 43372          - 2778.05290      -  7430 34881s
  3459  3063 3195.50819  257 41982          - 2778.05290      -  7354 35456s
  3648  3189 3195.65142  271 41888          - 2778.05290      -  7078 35964s
  3829  3289 3219.80691  282 39671          - 2778.05290      -  6890 36751s
  4012  3415 3234.56750  293 39177          - 2778.05290      -  6726 37555s
  4194  3567 3241.15377  305 39016          - 2778.05290      -  6530 38125s
  4386  3736 3250.95918  319 38410          - 2778.05290      -  6337 38726s
  4600  3889 3269.79960  329 37980          - 2778.05290      -  6119 39330s
  4801  4025 3270.43383  341 38108          - 2778.05290      -  5937 39741s
  5009  4146 3276.32449  352 37788          - 2778.05290      -  5761 40119s
  5200  4288 3276.63456  362 37758          - 2778.05290      -  5622 40621s
  5403  4438 3277.40701  373 37600          - 2778.05290      -  5467 40951s
  5609  4598 3288.18173  386 37304          - 2778.05290      -  5317 41393s
  5820  4746 3298.37723  400 37097          - 2778.05290      -  5175 41820s
  6023  4895 3315.31790  413 36458          - 2778.05290      -  5036 42320s
  6230  5018 3336.96168  425 35950          - 2778.05290      -  4910 42613s
  6436  5166 3360.61410  439 35433          - 2778.05290      -  4788 42892s
  6640  5300 3362.87052  453 37142          - 2778.05290      -  4674 43179s
  6854  5451 3385.70194  465 36466          - 2778.05290      -  4562 43423s
  7053  5580 3388.58864  478 36485          - 2778.05290      -  4452 44260s
  7261  5700 3388.58864  491 36400          - 2778.05290      -  4359 45002s
  7461  5841 3388.90758  502 36337          - 2778.05290      -  4275 45183s
  7674  5990 3388.90758  512 36255          - 2778.05290      -  4176 45430s
  7882  6110 3388.90758  524 36077          - 2778.05290      -  4092 45820s
  8087  6245 3388.90758  534 36072          - 2778.05290      -  4018 46040s
  8288  6382 3388.90758  544 36043          - 2778.05290      -  3939 46217s
  8500  6531 3388.90758  555 36039          - 2778.05290      -  3856 46570s
  8714  6642 3388.92849  566 36023          - 2778.05290      -  3771 46796s
  8925  6768 3388.92849  576 35782          - 2778.05290      -  3697 46935s
  9138  6893 3389.03760  585 35828          - 2778.05290      -  3624 47222s
  9349  7020 3401.70730  595 35524          - 2778.05290      -  3574 47388s
  9561  7136 3461.88030  607 34607          - 2778.05290      -  3514 47586s
  9777  7265 3467.78982  620 34494          - 2778.05290      -  3453 47840s
  9999  7400 3468.00987  631 34431          - 2778.05290      -  3396 47961s
 10217  7401 3352.24720  438 68585          - 2778.05290      -  3340 51649s
 10218  7402 3128.10077  232 68585          - 2778.05290      -  3340 51653s
 10219  7402 3537.21220  513 59977          - 2778.05290      -  3340 52095s
 10220  7403 3187.44692  316 87753          - 2778.05290      -  3339 52730s
 10221  7404 2781.15577    5 74357          - 2778.05290      -  3339 53488s
 10222  7404 4015.51098  549 69213          - 2778.05290      -  3339 53614s
 10223  7405 3372.88338  535 70697          - 2778.05290      -  3338 53745s
 10224  7406 3386.88005  588 69232          - 2778.05290      -  3338 54044s
 10225  7406 3194.55265  239 65290          - 2779.28153      -  3338 56407s
 10226  7407 3368.92144  432 63430          - 2779.28746      -  3337 57335s
 10227  7408 3065.74066  155 64292          - 2779.28746      -  3337 58732s

Cutting planes:
  Learned: 3
  Gomory: 422
  Implied bound: 1
  MIR: 634
  Mixing: 7
  Flow cover: 1941

Explored 10227 nodes (36903292 simplex iterations) in 86404.26 seconds (109145.10 work units)
Thread count was 16 (of 64 available processors)

Solution count 0

Time limit reached
Best objective -, best bound 2.781859987159e+03, gap -
Error code 10005: Unable to retrieve attribute 'X'
Set parameter WLSAccessID
Set parameter WLSSecret
Set parameter LicenseID to value 2573015
Academic license 2573015 - for non-commercial use only - registered to au___@unifr.ch
Set parameter TimeLimit to value 86400
Set parameter Threads to value 16
Gurobi Optimizer version 11.0.3 build v11.0.3rc0 (linux64 - "Ubuntu 22.04.1 LTS")

CPU model: Intel(R) Xeon(R) Gold 6142 CPU @ 2.60GHz, instruction set [SSE2|AVX|AVX2|AVX512]
Thread count: 32 physical cores, 64 logical processors, using up to 16 threads

Academic license 2573015 - for non-commercial use only - registered to au___@unifr.ch
Optimize a model with 1577600 rows, 781201 columns and 4713500 nonzeros
Model fingerprint: 0xa3e10737
Variable types: 2001 continuous, 779200 integer (779200 binary)
Coefficient statistics:
  Matrix range     [1e+00, 1e+05]
  Objective range  [1e+00, 1e+00]
  Bounds range     [1e+00, 1e+00]
  RHS range        [1e+00, 1e+05]
Presolve removed 100 rows and 0 columns (presolve time = 5s) ...
Presolve removed 100 rows and 0 columns (presolve time = 10s) ...
Presolve removed 100 rows and 0 columns
Presolve time: 13.71s
Presolved: 1577500 rows, 781201 columns, 4713400 nonzeros
Variable types: 2001 continuous, 779200 integer (779200 binary)

Deterministic concurrent LP optimizer: primal simplex, dual simplex, and barrier
Showing barrier log only...

Root barrier log...

Ordering time: 0.86s

Barrier statistics:
 Dense cols : 2000
 AA' NZ     : 1.601e+06
 Factor NZ  : 4.411e+06 (roughly 1.0 GB of memory)
 Factor Ops : 2.678e+09 (less than 1 second per iteration)
 Threads    : 13

                  Objective                Residual
Iter       Primal          Dual         Primal    Dual     Compl     Time
   0   3.42968593e+03 -7.05720076e+07  6.38e+02 0.00e+00  5.80e+01    36s
   1   6.82155334e+03 -5.00888949e+07  5.29e+00 2.82e-02  1.62e+01    36s
   2   6.25110025e+03 -4.96157096e+04  1.14e-13 3.76e-15  1.78e-02    37s
   3   1.88278242e+03  3.57363620e+02  1.14e-13 8.40e-13  4.86e-04    38s
   4   1.58066007e+03  6.61991344e+02  1.14e-13 2.18e-13  2.93e-04    39s
   5   1.40678162e+03  9.54956731e+02  1.14e-13 8.45e-13  1.44e-04    40s
   6   1.38297180e+03  1.22922676e+03  1.14e-13 5.46e-11  4.90e-05    40s
   7   1.34176488e+03  1.32831603e+03  1.14e-13 7.29e-12  4.29e-06    41s
   8   1.34110961e+03  1.34092232e+03  1.14e-13 3.47e-11  5.97e-08    41s
   9   1.34100011e+03  1.34099992e+03  1.14e-13 3.29e-11  5.97e-11    42s
  10   1.34100000e+03  1.34100000e+03  1.14e-13 1.95e-11  3.36e-16    43s

Barrier solved model in 10 iterations and 42.91 seconds (23.38 work units)
Optimal objective 1.34100000e+03


Root crossover log...

      20 DPushes remaining with DInf 0.0000000e+00                45s

  781180 PPushes remaining with PInf 0.0000000e+00                45s
Concurrent spin time: 1.81s

Solved with dual simplex

Root relaxation: objective 1.341000e+03, 425323 iterations, 23.28 seconds (7.73 work units)

    Nodes    |    Current Node    |     Objective Bounds      |     Work
 Expl Unexpl |  Obj  Depth IntInf | Incumbent    BestBd   Gap | It/Node Time

     0     0 1341.00000    0 70285          - 1341.00000      -     -  103s
     0     0 2088.76440    0 83083          - 2088.76440      -     -  578s
     0     0 2720.25897    0 73615          - 2720.25897      -     -  685s
     0     0 2720.25897    0 71409          - 2720.25897      -     -  743s
     0     0 2776.90872    0 67915          - 2776.90872      -     -  917s
     0     0 2776.90872    0 68722          - 2776.90872      -     - 1221s
     0     0 2776.99230    0 69620          - 2776.99230      -     - 1377s
     0     0 2776.99230    0 70129          - 2776.99230      -     - 1446s
     0     0 2776.99230    0 71050          - 2776.99230      -     - 1556s
     0     0 2777.00269    0 70983          - 2777.00269      -     - 1877s
     0     0 2777.00269    0 67818          - 2777.00269      -     - 2073s
     0     0 2777.01028    0 67869          - 2777.01028      -     - 2473s
     0     0 2777.01028    0 68823          - 2777.01028      -     - 2612s
     0     0 2777.01028    0 68693          - 2777.01028      -     - 2637s
     0     0 2777.01028    0 68585          - 2777.01028      -     - 2738s
     0     0 2777.01028    0 68585          - 2777.01028      -     - 2857s
     0     2 2777.01028    0 68585          - 2777.01028      -     - 3714s
     1     4 2777.01028    1 68584          - 2777.01028      -  7348 4048s
     3     8 2785.64069    2 72771          - 2777.01028      - 52964 4433s
     7    16 2786.40378    3 78237          - 2777.01028      - 50074 4853s
    15    32 2786.66838    4 80155          - 2777.06889      - 58133 5263s
Set parameter WLSAccessID
Set parameter WLSSecret
Set parameter LicenseID to value 2573015
Academic license 2573015 - for non-commercial use only - registered to au___@unifr.ch
Set parameter TimeLimit to value 86400
Set parameter Threads to value 48
Gurobi Optimizer version 11.0.3 build v11.0.3rc0 (linux64 - "Ubuntu 22.04.1 LTS")

CPU model: Intel(R) Xeon(R) Gold 6142 CPU @ 2.60GHz, instruction set [SSE2|AVX|AVX2|AVX512]
Thread count: 32 physical cores, 64 logical processors, using up to 48 threads

Academic license 2573015 - for non-commercial use only - registered to au___@unifr.ch
Optimize a model with 1577600 rows, 781201 columns and 4713500 nonzeros
Model fingerprint: 0xa3e10737
Variable types: 2001 continuous, 779200 integer (779200 binary)
Coefficient statistics:
  Matrix range     [1e+00, 1e+05]
  Objective range  [1e+00, 1e+00]
  Bounds range     [1e+00, 1e+00]
  RHS range        [1e+00, 1e+05]
Presolve removed 100 rows and 0 columns (presolve time = 5s) ...
Presolve removed 100 rows and 0 columns (presolve time = 10s) ...
Presolve removed 100 rows and 0 columns
Presolve time: 13.81s
Presolved: 1577500 rows, 781201 columns, 4713400 nonzeros
Variable types: 2001 continuous, 779200 integer (779200 binary)

Deterministic concurrent LP optimizer: primal simplex, dual simplex, and barrier
Showing barrier log only...

Root barrier log...

Ordering time: 0.87s

Barrier statistics:
 Dense cols : 2000
 AA' NZ     : 1.601e+06
 Factor NZ  : 4.411e+06 (roughly 1.0 GB of memory)
 Factor Ops : 2.678e+09 (less than 1 second per iteration)
 Threads    : 45

                  Objective                Residual
Iter       Primal          Dual         Primal    Dual     Compl     Time
   0   3.42968593e+03 -7.05720076e+07  6.38e+02 0.00e+00  5.80e+01    36s
   1   6.82155334e+03 -5.00888949e+07  5.29e+00 2.82e-02  1.62e+01    37s
   2   6.25110025e+03 -4.96157096e+04  1.14e-13 3.76e-15  1.78e-02    38s
   3   1.88278242e+03  3.57363620e+02  1.14e-13 8.40e-13  4.86e-04    40s
   4   1.58066007e+03  6.61991344e+02  1.14e-13 2.18e-13  2.93e-04    41s
   5   1.40678162e+03  9.54956731e+02  1.14e-13 8.45e-13  1.44e-04    41s
   6   1.38297180e+03  1.22922676e+03  1.14e-13 5.46e-11  4.90e-05    42s
   7   1.34176488e+03  1.32831603e+03  1.14e-13 7.29e-12  4.29e-06    43s
   8   1.34110961e+03  1.34092232e+03  1.14e-13 3.47e-11  5.97e-08    44s
   9   1.34100011e+03  1.34099992e+03  1.14e-13 3.29e-11  5.97e-11    45s
  10   1.34100000e+03  1.34100000e+03  1.14e-13 1.95e-11  3.36e-16    46s

Barrier solved model in 10 iterations and 45.61 seconds (23.31 work units)
Optimal objective 1.34100000e+03


Root crossover log...

      20 DPushes remaining with DInf 0.0000000e+00                47s

  781180 PPushes remaining with PInf 0.0000000e+00                48s
Concurrent spin time: 5.54s (can be avoided by choosing Method=3)

Solved with dual simplex

Root relaxation: objective 1.341000e+03, 425323 iterations, 26.39 seconds (7.73 work units)

    Nodes    |    Current Node    |     Objective Bounds      |     Work
 Expl Unexpl |  Obj  Depth IntInf | Incumbent    BestBd   Gap | It/Node Time

     0     0 1341.00000    0 70285          - 1341.00000      -     -  108s
     0     0 2088.76440    0 83083          - 2088.76440      -     -  581s
     0     0 2720.25897    0 73615          - 2720.25897      -     -  687s
     0     0 2720.25897    0 71409          - 2720.25897      -     -  745s
     0     0 2776.90872    0 67915          - 2776.90872      -     -  920s
     0     0 2776.90872    0 68722          - 2776.90872      -     - 1228s
     0     0 2776.99230    0 69620          - 2776.99230      -     - 1384s
     0     0 2776.99230    0 70129          - 2776.99230      -     - 1453s
     0     0 2776.99230    0 71050          - 2776.99230      -     - 1563s
     0     0 2777.00269    0 70983          - 2777.00269      -     - 1883s
     0     0 2777.00269    0 67818          - 2777.00269      -     - 2078s
     0     0 2777.01028    0 67869          - 2777.01028      -     - 2479s
     0     0 2777.01028    0 68823          - 2777.01028      -     - 2617s
     0     0 2777.01028    0 68693          - 2777.01028      -     - 2641s
     0     0 2777.01028    0 68585          - 2777.01028      -     - 2741s
     0     0 2777.01028    0 68585          - 2777.01028      -     - 2859s
     0     2 2777.01028    0 68585          - 2777.01028      -     - 3708s
     1     4 2777.01028    1 68584          - 2777.01028      -  7348 4043s
     3     8 2785.64069    2 72771          - 2777.01028      - 52964 4434s
     7    16 2786.40378    3 78237          - 2777.01028      - 50074 4841s
    15    32 2786.66838    4 80155          - 2777.06889      - 58133 5243s
    31    64 2791.51949    5 69893          - 2777.06889      - 66928 6150s
    63   112 2791.69338    6 70546          - 2778.00662      - 58757 6847s
   111   160 2792.08472    7 71750          - 2778.00662      - 53461 7119s
   159   208 2792.21256    7 70573          - 2780.22211      - 43627 7476s
   207   256 2794.53087    8 67710          - 2780.53100      - 37988 7876s
   255   334 2794.85671    9 67698          - 2780.53100      - 34293 8260s
   333   411 2796.48247   10 68252          - 2780.53100      - 29724 8896s
   410   492 2802.08760   11 68943          - 2780.53100      - 27118 9153s
   491   590 2797.40764   11 69187          - 2780.53100      - 25307 9815s
   589   694 2799.18731   13 70578          - 2780.53100      - 23466 10072s
   693   791 2799.18731   14 70577          - 2780.53100      - 21652 10788s
   790   892 2802.60138   15 66084          - 2780.53100      - 20470 11307s
   894   995 2802.60138   16 65974          - 2780.53100      - 19713 12160s
  1003  1101 2821.19386   18 64406          - 2780.53100      - 19285 12965s
  1121  1231 2845.56782   20 62308          - 2780.53100      - 18811 13716s
  1266  1341 2850.63455   22 61257          - 2780.53100      - 17830 14523s
  1395  1466 2863.52995   24 64569          - 2780.53100      - 17207 15249s
  1535  1619 2878.49697   26 55179          - 2780.53100      - 16567 15966s
  1708  1780 2886.74154   29 54327          - 2780.53100      - 15608 16603s
  1891  1931 2914.45514   31 55357          - 2780.53100      - 14862 17966s
  2078  2110 2930.25025   34 48140          - 2780.53100      - 14261 18545s
  2284  2354 2941.96953   37 47462          - 2780.53100      - 13530 19089s
  2362  2354 2853.28619   15 56210          - 2780.53100      - 13263 19090s
  2551  2627 2975.66461   40 45236          - 2780.53100      - 12593 19436s
  2866  2842 2997.22934   50 44366          - 2780.53100      - 11635 19867s
  3154  3085 3021.05566   61 43388          - 2780.53100      - 11028 20311s
  3464  3312 3027.02483   66 43195          - 2780.53100      - 10428 20809s
  3781  3470 3068.42545   69 42343          - 2780.53100      -  9982 21565s
  3992  3582 infeasible   72               - 2780.53100      -  9784 31097s
  4137  3910 3083.29246   72 41241          - 2780.53100      -  9606 31545s
  4586  4199 3110.91558   84 39943          - 2780.53100      -  8962 31975s
  4991  4531 3133.20792   86 38936          - 2780.53100      -  8513 32418s
  5476  4886 3140.05388  100 38700          - 2780.53100      -  7970 33364s
  5969  5248 3152.80405  107 38425          - 2780.53100      -  7536 33833s
  6487  5543 3164.73485  118 38086          - 2780.53100      -  7099 34289s
  6956  5882 3165.30425  130 38041          - 2780.53100      -  6789 34798s
  7483  6259 3165.30425  133 38036          - 2780.53100      -  6466 35362s
  7974  6660 3176.11709  139 37936          - 2780.53100      -  6254 35962s
  8477  6975 3181.89898  151 37539          - 2780.53100      -  6068 36504s
  8986  7274 infeasible  164               - 2780.53100      -  5884 36909s
  9100  7274 3053.78032   61 44379          - 2780.53100      -  5838 36910s
  9501  7601 3226.03666  171 35934          - 2780.53100      -  5718 37296s
 10021  7938 3248.72578  180 34718          - 2780.53100      -  5548 37703s
 10557  8269 3250.69245  192 34570          - 2780.53100      -  5391 38064s
 11139  8597 3270.50071  202 34155          - 2780.53100      -  5231 38470s
 11705  8949 3275.98352  213 33903          - 2780.53100      -  5065 38797s
 12301  9322 3292.64056  227 33398          - 2780.53100      -  4911 39094s
 12896  9669 3289.22262  232 33920          - 2780.53100      -  4763 39399s
 13022  9669 3139.04873   89 40865          - 2780.53100      -  4726 39400s
 13497  9911 3335.08620  246 32731          - 2780.53100      -  4621 39673s
 14080 10291 3336.10916  258 32539          - 2780.53100      -  4502 39923s
 14684 10573 3336.28102  269 32434          - 2780.53100      -  4376 40250s
 15270 10891 3362.03556  276 32290          - 2780.53100      -  4265 40932s
 15873 11205 3366.84733  289 31153          - 2780.53100      -  4150 41245s
 16482 11526 3366.84733  299 31184          - 2780.53100      -  4039 41672s
 17070 11842 3379.70253  301 29550          - 2780.53100      -  3943 42259s
 17632 12146 3420.10917  313 28516          - 2780.53100      -  3862 42717s
 18239 12147 3135.73235   65 68585          - 2780.53100      -  3771 45953s
 18240 12148 2817.21133   25 68585          - 2780.53100      -  3771 45957s
 18241 12148 3182.37500  135 59977          - 2780.53100      -  3771 46412s
 18242 12149 3643.77445  248 91543          - 2780.53100      -  3771 47156s
 18243 12150 2948.74886   37 73173          - 2780.53100      -  3770 47676s
 18244 12150 3128.49639  111 66424          - 2780.53100      -  3770 47996s
 18245 12151 3246.37365  121 66821          - 2780.53100      -  3770 48175s
 18246 12152 3011.55332   57 66139          - 2780.53100      -  3770 48528s
 18247 12152 2905.55684   79 63113          - 2780.53100      -  3770 50562s
 18248 12153 3036.38935  118 60744          - 2780.53100      -  3769 52478s

Cutting planes:
  Learned: 3
  Gomory: 406
  Implied bound: 1
  MIR: 571
  Mixing: 5
  Flow cover: 2591

Explored 18248 nodes (71298257 simplex iterations) in 86409.02 seconds (68073.23 work units)
Thread count was 48 (of 64 available processors)

Solution count 0

Time limit reached
Best objective -, best bound 2.784417033675e+03, gap -
Error code 10005: Unable to retrieve attribute 'X'
